<?xml version="1.0" encoding="UTF-8"?>
<!-- Generated by org.testng.reporters.JUnitXMLReporter -->
<testsuite ignored="0" hostname="WarriorShack-Harshit" failures="0" tests="3" name="Default test" time="21.973" errors="0" timestamp="2024-10-09T12:01:23 IST">
  <testcase classname="harshitsrivastavatraining.tests.SubmitOrderTest" name="submitOrder" time="4.855"/>
  <testcase classname="harshitsrivastavatraining.tests.SubmitOrderTest" name="submitOrder" time="4.93"/>
  <testcase classname="harshitsrivastavatraining.tests.SubmitOrderTest" name="OrderHistoryTest" time="0.719"/>
</testsuite> <!-- Default test -->
