<?xml version="1.0" encoding="UTF-8"?>
<!-- Generated by org.testng.reporters.JUnitXMLReporter -->
<testsuite ignored="0" hostname="WarriorShack-Harshit" failures="0" tests="2" name="Error Validation Test" time="15.772" errors="0" timestamp="2024-10-09T12:30:44 IST">
  <testcase classname="harshitsrivastavatraining.tests.ErrorValidationsTest" name="LoginErrorValidation" time="1.08"/>
  <testcase classname="harshitsrivastavatraining.tests.ErrorValidationsTest" name="ProductErrorValidation" time="4.157"/>
</testsuite> <!-- Error Validation Test -->
