<?xml version="1.0" encoding="UTF-8"?>
<!-- Generated by org.testng.reporters.JUnitXMLReporter -->
<testsuite ignored="0" hostname="WarriorShack-Harshit" failures="0" tests="3" name="Submit Order Test" time="25.64" errors="0" timestamp="2024-10-09T12:30:53 IST">
  <testcase classname="harshitsrivastavatraining.tests.SubmitOrderTest" name="submitOrder" time="5.169"/>
  <testcase classname="harshitsrivastavatraining.tests.SubmitOrderTest" name="submitOrder" time="4.984"/>
  <testcase classname="harshitsrivastavatraining.tests.SubmitOrderTest" name="OrderHistoryTest" time="0.812"/>
</testsuite> <!-- Submit Order Test -->
