<?xml version="1.0" encoding="UTF-8"?>
<testng-results ignored="0" total="5" passed="5" failed="0" skipped="0">
  <reporter-output>
  </reporter-output>
  <suite started-at="2024-10-09T12:30:28 IST" name="Suite" finished-at="2024-10-09T12:30:53 IST" duration-ms="25640">
    <groups>
      <group name="ErrorHandling">
        <method signature="ErrorValidationsTest.LoginErrorValidation()[pri:0, instance:harshitsrivastavatraining.tests.ErrorValidationsTest@6f36c2f0]" name="LoginErrorValidation" class="harshitsrivastavatraining.tests.ErrorValidationsTest"/>
      </group> <!-- ErrorHandling -->
      <group name="Purchase">
        <method signature="SubmitOrderTest.submitOrder(java.util.HashMap)[pri:0, instance:harshitsrivastavatraining.tests.SubmitOrderTest@710636b0]" name="submitOrder" class="harshitsrivastavatraining.tests.SubmitOrderTest"/>
      </group> <!-- Purchase -->
    </groups>
    <test started-at="2024-10-09T12:30:28 IST" name="Error Validation Test" finished-at="2024-10-09T12:30:43 IST" duration-ms="15772">
      <class name="harshitsrivastavatraining.tests.ErrorValidationsTest">
        <test-method is-config="true" signature="launchApplication()[pri:0, instance:harshitsrivastavatraining.tests.ErrorValidationsTest@6f36c2f0]" started-at="2024-10-09T12:30:28 IST" name="launchApplication" finished-at="2024-10-09T12:30:35 IST" duration-ms="7750" status="PASS">
          <reporter-output>
          </reporter-output>
        </test-method> <!-- launchApplication -->
        <test-method signature="LoginErrorValidation()[pri:0, instance:harshitsrivastavatraining.tests.ErrorValidationsTest@6f36c2f0]" started-at="2024-10-09T12:30:35 IST" name="LoginErrorValidation" finished-at="2024-10-09T12:30:37 IST" duration-ms="1080" status="PASS">
          <reporter-output>
          </reporter-output>
        </test-method> <!-- LoginErrorValidation -->
        <test-method is-config="true" signature="tearDown()[pri:0, instance:harshitsrivastavatraining.tests.ErrorValidationsTest@6f36c2f0]" started-at="2024-10-09T12:30:37 IST" name="tearDown" finished-at="2024-10-09T12:30:37 IST" duration-ms="74" status="PASS">
          <reporter-output>
          </reporter-output>
        </test-method> <!-- tearDown -->
        <test-method is-config="true" signature="launchApplication()[pri:0, instance:harshitsrivastavatraining.tests.ErrorValidationsTest@6f36c2f0]" started-at="2024-10-09T12:30:37 IST" name="launchApplication" finished-at="2024-10-09T12:30:39 IST" duration-ms="2550" status="PASS">
          <reporter-output>
          </reporter-output>
        </test-method> <!-- launchApplication -->
        <test-method signature="ProductErrorValidation()[pri:0, instance:harshitsrivastavatraining.tests.ErrorValidationsTest@6f36c2f0]" started-at="2024-10-09T12:30:39 IST" name="ProductErrorValidation" finished-at="2024-10-09T12:30:43 IST" duration-ms="4157" status="PASS">
          <reporter-output>
          </reporter-output>
        </test-method> <!-- ProductErrorValidation -->
        <test-method is-config="true" signature="tearDown()[pri:0, instance:harshitsrivastavatraining.tests.ErrorValidationsTest@6f36c2f0]" started-at="2024-10-09T12:30:43 IST" name="tearDown" finished-at="2024-10-09T12:30:43 IST" duration-ms="87" status="PASS">
          <reporter-output>
          </reporter-output>
        </test-method> <!-- tearDown -->
      </class> <!-- harshitsrivastavatraining.tests.ErrorValidationsTest -->
    </test> <!-- Error Validation Test -->
    <test started-at="2024-10-09T12:30:28 IST" name="Submit Order Test" finished-at="2024-10-09T12:30:53 IST" duration-ms="25640">
      <class name="harshitsrivastavatraining.tests.SubmitOrderTest">
        <test-method is-config="true" signature="launchApplication()[pri:0, instance:harshitsrivastavatraining.tests.SubmitOrderTest@710636b0]" started-at="2024-10-09T12:30:28 IST" name="launchApplication" finished-at="2024-10-09T12:30:35 IST" duration-ms="7272" status="PASS">
          <reporter-output>
          </reporter-output>
        </test-method> <!-- launchApplication -->
        <test-method signature="submitOrder(java.util.HashMap)[pri:0, instance:harshitsrivastavatraining.tests.SubmitOrderTest@710636b0]" started-at="2024-10-09T12:30:35 IST" name="submitOrder" data-provider="getData" finished-at="2024-10-09T12:30:40 IST" duration-ms="5169" status="PASS">
          <params>
            <param index="0">
              <value>
                <![CDATA[{password=Oct@1810, product=ADIDAS ORIGINAL, email=harshitsrivastava1991@gmail.com}]]>
              </value>
            </param>
          </params>
          <reporter-output>
          </reporter-output>
        </test-method> <!-- submitOrder -->
        <test-method is-config="true" signature="tearDown()[pri:0, instance:harshitsrivastavatraining.tests.SubmitOrderTest@710636b0]" started-at="2024-10-09T12:30:40 IST" name="tearDown" finished-at="2024-10-09T12:30:41 IST" duration-ms="146" status="PASS">
          <reporter-output>
          </reporter-output>
        </test-method> <!-- tearDown -->
        <test-method is-config="true" signature="launchApplication()[pri:0, instance:harshitsrivastavatraining.tests.SubmitOrderTest@710636b0]" started-at="2024-10-09T12:30:41 IST" name="launchApplication" finished-at="2024-10-09T12:30:44 IST" duration-ms="3254" status="PASS">
          <reporter-output>
          </reporter-output>
        </test-method> <!-- launchApplication -->
        <test-method signature="submitOrder(java.util.HashMap)[pri:0, instance:harshitsrivastavatraining.tests.SubmitOrderTest@710636b0]" started-at="2024-10-09T12:30:44 IST" name="submitOrder" data-provider="getData" finished-at="2024-10-09T12:30:49 IST" duration-ms="4984" status="PASS">
          <params>
            <param index="0">
              <value>
                <![CDATA[{password=Oct@1810, product=ZARA COAT 3, email=harshitsrivastava1991@gmail.com}]]>
              </value>
            </param>
          </params>
          <reporter-output>
          </reporter-output>
        </test-method> <!-- submitOrder -->
        <test-method is-config="true" signature="tearDown()[pri:0, instance:harshitsrivastavatraining.tests.SubmitOrderTest@710636b0]" started-at="2024-10-09T12:30:49 IST" name="tearDown" finished-at="2024-10-09T12:30:49 IST" duration-ms="127" status="PASS">
          <reporter-output>
          </reporter-output>
        </test-method> <!-- tearDown -->
        <test-method is-config="true" signature="launchApplication()[pri:0, instance:harshitsrivastavatraining.tests.SubmitOrderTest@710636b0]" started-at="2024-10-09T12:30:49 IST" name="launchApplication" finished-at="2024-10-09T12:30:52 IST" duration-ms="3415" status="PASS">
          <reporter-output>
          </reporter-output>
        </test-method> <!-- launchApplication -->
        <test-method signature="OrderHistoryTest()[pri:0, instance:harshitsrivastavatraining.tests.SubmitOrderTest@710636b0]" started-at="2024-10-09T12:30:52 IST" name="OrderHistoryTest" finished-at="2024-10-09T12:30:53 IST" depends-on-methods="harshitsrivastavatraining.tests.SubmitOrderTest.submitOrder" duration-ms="812" status="PASS">
          <reporter-output>
          </reporter-output>
        </test-method> <!-- OrderHistoryTest -->
        <test-method is-config="true" signature="tearDown()[pri:0, instance:harshitsrivastavatraining.tests.SubmitOrderTest@710636b0]" started-at="2024-10-09T12:30:53 IST" name="tearDown" finished-at="2024-10-09T12:30:53 IST" duration-ms="136" status="PASS">
          <reporter-output>
          </reporter-output>
        </test-method> <!-- tearDown -->
      </class> <!-- harshitsrivastavatraining.tests.SubmitOrderTest -->
    </test> <!-- Submit Order Test -->
  </suite> <!-- Suite -->
</testng-results>
