<?xml version="1.0" encoding="UTF-8"?>
<testng-results ignored="0" total="3" passed="3" failed="0" skipped="0">
  <reporter-output>
  </reporter-output>
  <suite started-at="2024-10-09T12:01:01 IST" name="Default suite" finished-at="2024-10-09T12:01:23 IST" duration-ms="21973">
    <groups>
      <group name="Purchase">
        <method signature="SubmitOrderTest.submitOrder(java.util.HashMap)[pri:0, instance:harshitsrivastavatraining.tests.SubmitOrderTest@6ae5aa72]" name="submitOrder" class="harshitsrivastavatraining.tests.SubmitOrderTest"/>
      </group> <!-- Purchase -->
    </groups>
    <test started-at="2024-10-09T12:01:01 IST" name="Default test" finished-at="2024-10-09T12:01:23 IST" duration-ms="21973">
      <class name="harshitsrivastavatraining.tests.SubmitOrderTest">
        <test-method is-config="true" signature="launchApplication()[pri:0, instance:harshitsrivastavatraining.tests.SubmitOrderTest@6ae5aa72]" started-at="2024-10-09T12:01:01 IST" name="launchApplication" finished-at="2024-10-09T12:01:06 IST" duration-ms="4696" status="PASS">
          <reporter-output>
          </reporter-output>
        </test-method> <!-- launchApplication -->
        <test-method signature="submitOrder(java.util.HashMap)[pri:0, instance:harshitsrivastavatraining.tests.SubmitOrderTest@6ae5aa72]" started-at="2024-10-09T12:01:06 IST" name="submitOrder" data-provider="getData" finished-at="2024-10-09T12:01:11 IST" duration-ms="4855" status="PASS">
          <params>
            <param index="0">
              <value>
                <![CDATA[{password=Oct@1810, product=ADIDAS ORIGINAL, email=harshitsrivastava1991@gmail.com}]]>
              </value>
            </param>
          </params>
          <reporter-output>
          </reporter-output>
        </test-method> <!-- submitOrder -->
        <test-method is-config="true" signature="tearDown()[pri:0, instance:harshitsrivastavatraining.tests.SubmitOrderTest@6ae5aa72]" started-at="2024-10-09T12:01:11 IST" name="tearDown" finished-at="2024-10-09T12:01:11 IST" duration-ms="111" status="PASS">
          <reporter-output>
          </reporter-output>
        </test-method> <!-- tearDown -->
        <test-method is-config="true" signature="launchApplication()[pri:0, instance:harshitsrivastavatraining.tests.SubmitOrderTest@6ae5aa72]" started-at="2024-10-09T12:01:11 IST" name="launchApplication" finished-at="2024-10-09T12:01:15 IST" duration-ms="3829" status="PASS">
          <reporter-output>
          </reporter-output>
        </test-method> <!-- launchApplication -->
        <test-method signature="submitOrder(java.util.HashMap)[pri:0, instance:harshitsrivastavatraining.tests.SubmitOrderTest@6ae5aa72]" started-at="2024-10-09T12:01:15 IST" name="submitOrder" data-provider="getData" finished-at="2024-10-09T12:01:20 IST" duration-ms="4930" status="PASS">
          <params>
            <param index="0">
              <value>
                <![CDATA[{password=Oct@1810, product=ZARA COAT 3, email=harshitsrivastava1991@gmail.com}]]>
              </value>
            </param>
          </params>
          <reporter-output>
          </reporter-output>
        </test-method> <!-- submitOrder -->
        <test-method is-config="true" signature="tearDown()[pri:0, instance:harshitsrivastavatraining.tests.SubmitOrderTest@6ae5aa72]" started-at="2024-10-09T12:01:20 IST" name="tearDown" finished-at="2024-10-09T12:01:20 IST" duration-ms="94" status="PASS">
          <reporter-output>
          </reporter-output>
        </test-method> <!-- tearDown -->
        <test-method is-config="true" signature="launchApplication()[pri:0, instance:harshitsrivastavatraining.tests.SubmitOrderTest@6ae5aa72]" started-at="2024-10-09T12:01:20 IST" name="launchApplication" finished-at="2024-10-09T12:01:22 IST" duration-ms="2325" status="PASS">
          <reporter-output>
          </reporter-output>
        </test-method> <!-- launchApplication -->
        <test-method signature="OrderHistoryTest()[pri:0, instance:harshitsrivastavatraining.tests.SubmitOrderTest@6ae5aa72]" started-at="2024-10-09T12:01:22 IST" name="OrderHistoryTest" finished-at="2024-10-09T12:01:23 IST" depends-on-methods="harshitsrivastavatraining.tests.SubmitOrderTest.submitOrder" duration-ms="719" status="PASS">
          <reporter-output>
          </reporter-output>
        </test-method> <!-- OrderHistoryTest -->
        <test-method is-config="true" signature="tearDown()[pri:0, instance:harshitsrivastavatraining.tests.SubmitOrderTest@6ae5aa72]" started-at="2024-10-09T12:01:23 IST" name="tearDown" finished-at="2024-10-09T12:01:23 IST" duration-ms="54" status="PASS">
          <reporter-output>
          </reporter-output>
        </test-method> <!-- tearDown -->
      </class> <!-- harshitsrivastavatraining.tests.SubmitOrderTest -->
    </test> <!-- Default test -->
  </suite> <!-- Default suite -->
</testng-results>
